[INFO ] 2024-06-14 12:54:15.989 [main] LoggerUtils - Browser setup completed and navigated to URL
[INFO ] 2024-06-14 12:54:16.057 [main] LoggerUtils - test started for testInvalidLoginFunctionalityonAdsPage
[INFO ] 2024-06-14 12:54:19.828 [main] LoggerUtils - test passed for testInvalidLoginFunctionalityonAdsPage
[INFO ] 2024-06-14 12:54:21.148 [main] LoggerUtils - Browser closed
[INFO ] 2024-06-14 12:54:26.478 [main] LoggerUtils - Browser setup completed and navigated to URL
[INFO ] 2024-06-14 12:54:26.481 [main] LoggerUtils - test started for testAddProductToCart
[INFO ] 2024-06-14 12:54:40.944 [main] LoggerUtils - test passed for testAddProductToCart
[INFO ] 2024-06-14 12:54:42.876 [main] LoggerUtils - Browser closed
[INFO ] 2024-06-14 12:54:45.600 [main] LoggerUtils - Browser setup completed and navigated to URL
[INFO ] 2024-06-14 12:54:45.605 [main] LoggerUtils - test started for testRemoveProductFromCart
[INFO ] 2024-06-14 12:54:59.988 [main] LoggerUtils - test passed for testRemoveProductFromCart
[INFO ] 2024-06-14 12:55:01.843 [main] LoggerUtils - Browser closed
[INFO ] 2024-06-14 12:55:04.568 [main] LoggerUtils - Browser setup completed and navigated to URL
[INFO ] 2024-06-14 12:55:04.570 [main] LoggerUtils - test started for testBuyNowBtnFunctionality
[INFO ] 2024-06-14 12:55:09.318 [main] LoggerUtils - Browser closed
[INFO ] 2024-06-14 12:55:13.589 [main] LoggerUtils - Browser setup completed and navigated to URL
[INFO ] 2024-06-14 12:55:13.612 [main] LoggerUtils - test started for testGroceryValidPincode
[INFO ] 2024-06-14 12:55:15.943 [main] LoggerUtils - test passed for testGroceryValidPincode
[INFO ] 2024-06-14 12:55:17.277 [main] LoggerUtils - Browser closed
[INFO ] 2024-06-14 12:55:21.437 [main] LoggerUtils - Browser setup completed and navigated to URL
[INFO ] 2024-06-14 12:55:21.458 [main] LoggerUtils - test started for testGroceryInValidPincode
[INFO ] 2024-06-14 12:55:23.174 [main] LoggerUtils - test passed for testGroceryInValidPincode
[INFO ] 2024-06-14 12:55:24.541 [main] LoggerUtils - Browser closed
[INFO ] 2024-06-14 12:55:28.614 [main] LoggerUtils - Browser setup completed and navigated to URL
[INFO ] 2024-06-14 12:55:28.643 [main] LoggerUtils - test started for testGrocerySearchBarFunctionality
[INFO ] 2024-06-14 12:55:30.312 [main] LoggerUtils - test passed for testGrocerySearchBarFunctionality
[INFO ] 2024-06-14 12:55:31.985 [main] LoggerUtils - Browser closed
[INFO ] 2024-06-14 12:55:36.181 [main] LoggerUtils - Browser setup completed and navigated to URL
[INFO ] 2024-06-14 12:55:36.216 [main] LoggerUtils - test started for testGroceryAddItems
[INFO ] 2024-06-14 12:55:39.209 [main] LoggerUtils - test passed for testGroceryAddItems
[INFO ] 2024-06-14 12:55:42.636 [main] LoggerUtils - Browser closed
[INFO ] 2024-06-14 12:55:46.845 [main] LoggerUtils - Browser setup completed and navigated to URL
[INFO ] 2024-06-14 12:55:46.872 [main] LoggerUtils - test started for testGroceryRemoveItems
[INFO ] 2024-06-14 12:55:53.307 [main] LoggerUtils - Browser closed
[INFO ] 2024-06-14 12:55:57.606 [main] LoggerUtils - Browser setup completed and navigated to URL
[INFO ] 2024-06-14 12:55:57.634 [main] LoggerUtils - test started for testHelpPageFeedbackYesBtnFunctionality
[INFO ] 2024-06-14 12:56:01.007 [main] LoggerUtils - test passed for testHelpPageFeedbackYesBtnFunctionality
[INFO ] 2024-06-14 12:56:02.531 [main] LoggerUtils - Browser closed
[INFO ] 2024-06-14 12:56:07.350 [main] LoggerUtils - Browser setup completed and navigated to URL
[INFO ] 2024-06-14 12:56:07.387 [main] LoggerUtils - test started for testHelpPageFeedbackNoBtnFunctionality
[INFO ] 2024-06-14 12:56:11.260 [main] LoggerUtils - test passed for testHelpPageFeedbackNoBtnFunctionality
[INFO ] 2024-06-14 12:56:12.592 [main] LoggerUtils - Browser closed
[INFO ] 2024-06-14 12:56:14.755 [main] LoggerUtils - Browser setup completed and navigated to URL
[INFO ] 2024-06-14 12:56:14.776 [main] LoggerUtils - test started for testFlipkartLogoVisibility
[INFO ] 2024-06-14 12:56:16.852 [main] LoggerUtils - test passed for testFlipkartLogoVisibility
[INFO ] 2024-06-14 12:56:18.336 [main] LoggerUtils - Browser closed
[INFO ] 2024-06-14 12:56:22.584 [main] LoggerUtils - Browser setup completed and navigated to URL
[INFO ] 2024-06-14 12:56:22.617 [main] LoggerUtils - test started for testSearchBarFunctionality
[INFO ] 2024-06-14 12:56:22.810 [main] LoggerUtils - test passed for testSearchBarFunctionality
[INFO ] 2024-06-14 12:56:26.175 [main] LoggerUtils - Browser closed
[INFO ] 2024-06-14 12:56:30.230 [main] LoggerUtils - Browser setup completed and navigated to URL
[INFO ] 2024-06-14 12:56:30.252 [main] LoggerUtils - test started for testSearchWithMisspelledQueries
[INFO ] 2024-06-14 12:56:42.451 [main] LoggerUtils - test passed for testSearchWithMisspelledQueries
[INFO ] 2024-06-14 12:56:43.981 [main] LoggerUtils - Browser closed
[INFO ] 2024-06-14 12:56:48.032 [main] LoggerUtils - Browser setup completed and navigated to URL
[INFO ] 2024-06-14 12:56:48.071 [main] LoggerUtils - test started for testInvalidLoginFunctionality
[INFO ] 2024-06-14 12:56:50.839 [main] LoggerUtils - test passed for testInvalidLoginFunctionality
[INFO ] 2024-06-14 12:56:52.093 [main] LoggerUtils - Browser closed
[INFO ] 2024-06-14 12:56:56.241 [main] LoggerUtils - Browser setup completed and navigated to URL
[INFO ] 2024-06-14 12:56:56.271 [main] LoggerUtils - test started for testInvalidOtpFunctionality
[INFO ] 2024-06-14 12:57:03.826 [main] LoggerUtils - test passed for testInvalidOtpFunctionality
[INFO ] 2024-06-14 12:57:05.539 [main] LoggerUtils - Browser closed
[INFO ] 2024-06-14 12:57:09.744 [main] LoggerUtils - Browser setup completed and navigated to URL
[INFO ] 2024-06-14 12:57:09.748 [main] LoggerUtils - test started for testSellerBtnPresence
[INFO ] 2024-06-14 12:57:09.941 [main] LoggerUtils - test passed for testSellerBtnPresence
[INFO ] 2024-06-14 12:57:11.549 [main] LoggerUtils - Browser closed
[INFO ] 2024-06-14 12:57:16.067 [main] LoggerUtils - Browser setup completed and navigated to URL
[INFO ] 2024-06-14 12:57:16.070 [main] LoggerUtils - test started for testSellerLoginFunctionality
[INFO ] 2024-06-14 12:57:20.142 [main] LoggerUtils - test passed for testSellerLoginFunctionality
[INFO ] 2024-06-14 12:57:21.398 [main] LoggerUtils - Browser closed
[INFO ] 2024-06-14 12:57:25.709 [main] LoggerUtils - Browser setup completed and navigated to URL
[INFO ] 2024-06-14 12:57:25.711 [main] LoggerUtils - test started for testSellerResetPasswordFunctionality
[INFO ] 2024-06-14 12:57:30.144 [main] LoggerUtils - test passed for testSellerResetPasswordFunctionality
[INFO ] 2024-06-14 12:57:31.394 [main] LoggerUtils - Browser closed
[INFO ] 2024-06-14 12:57:36.106 [main] LoggerUtils - Browser setup completed and navigated to URL
[INFO ] 2024-06-14 12:57:36.108 [main] LoggerUtils - test started for testStartSellingBtnPresence
[INFO ] 2024-06-14 12:57:39.297 [main] LoggerUtils - test passed for testStartSellingBtnPresence
[INFO ] 2024-06-14 12:57:40.509 [main] LoggerUtils - Browser closed
[INFO ] 2024-06-14 13:31:13.774 [main] LoggerUtils - Browser setup completed and navigated to URL
[INFO ] 2024-06-14 13:31:13.801 [main] LoggerUtils - test started for testGroceryValidPincode
[INFO ] 2024-06-14 13:31:16.724 [main] LoggerUtils - test passed for testGroceryValidPincode
[INFO ] 2024-06-14 13:31:18.260 [main] LoggerUtils - Browser closed
[INFO ] 2024-06-14 13:31:23.998 [main] LoggerUtils - Browser setup completed and navigated to URL
[INFO ] 2024-06-14 13:31:24.021 [main] LoggerUtils - test started for testGroceryInValidPincode
[INFO ] 2024-06-14 13:31:25.914 [main] LoggerUtils - test passed for testGroceryInValidPincode
[INFO ] 2024-06-14 13:31:27.251 [main] LoggerUtils - Browser closed
[INFO ] 2024-06-14 13:31:31.542 [main] LoggerUtils - Browser setup completed and navigated to URL
[INFO ] 2024-06-14 13:31:31.574 [main] LoggerUtils - test started for testGrocerySearchBarFunctionality
[INFO ] 2024-06-14 13:31:33.240 [main] LoggerUtils - test passed for testGrocerySearchBarFunctionality
[INFO ] 2024-06-14 13:31:34.938 [main] LoggerUtils - Browser closed
[INFO ] 2024-06-14 13:31:39.451 [main] LoggerUtils - Browser setup completed and navigated to URL
[INFO ] 2024-06-14 13:31:39.478 [main] LoggerUtils - test started for testGroceryAddItems
[INFO ] 2024-06-14 13:31:42.674 [main] LoggerUtils - test passed for testGroceryAddItems
[INFO ] 2024-06-14 13:31:45.684 [main] LoggerUtils - Browser closed
[INFO ] 2024-06-14 13:31:51.028 [main] LoggerUtils - Browser setup completed and navigated to URL
[INFO ] 2024-06-14 13:31:51.044 [main] LoggerUtils - test started for testGroceryRemoveItems
[INFO ] 2024-06-14 13:31:56.913 [main] LoggerUtils - Browser closed
[INFO ] 2024-06-14 13:33:46.112 [main] LoggerUtils - Browser setup completed and navigated to URL
[INFO ] 2024-06-14 13:33:46.126 [main] LoggerUtils - test started for testGroceryValidPincode
[INFO ] 2024-06-14 13:33:48.188 [main] LoggerUtils - test passed for testGroceryValidPincode
[INFO ] 2024-06-14 13:33:49.495 [main] LoggerUtils - Browser closed
[INFO ] 2024-06-14 13:33:54.298 [main] LoggerUtils - Browser setup completed and navigated to URL
[INFO ] 2024-06-14 13:33:54.306 [main] LoggerUtils - test started for testGroceryInValidPincode
[INFO ] 2024-06-14 13:33:56.180 [main] LoggerUtils - test passed for testGroceryInValidPincode
[INFO ] 2024-06-14 13:33:57.300 [main] LoggerUtils - Browser closed
[INFO ] 2024-06-14 13:34:01.603 [main] LoggerUtils - Browser setup completed and navigated to URL
[INFO ] 2024-06-14 13:34:01.611 [main] LoggerUtils - test started for testGrocerySearchBarFunctionality
[INFO ] 2024-06-14 13:34:03.197 [main] LoggerUtils - test passed for testGrocerySearchBarFunctionality
[INFO ] 2024-06-14 13:34:04.906 [main] LoggerUtils - Browser closed
[INFO ] 2024-06-14 13:34:09.110 [main] LoggerUtils - Browser setup completed and navigated to URL
[INFO ] 2024-06-14 13:34:09.114 [main] LoggerUtils - test started for testGroceryAddItems
[INFO ] 2024-06-14 13:34:12.271 [main] LoggerUtils - test passed for testGroceryAddItems
[INFO ] 2024-06-14 13:34:15.325 [main] LoggerUtils - Browser closed
[INFO ] 2024-06-14 13:34:19.562 [main] LoggerUtils - Browser setup completed and navigated to URL
[INFO ] 2024-06-14 13:34:19.568 [main] LoggerUtils - test started for testGroceryRemoveItems
[INFO ] 2024-06-14 13:34:26.219 [main] LoggerUtils - Browser closed
[INFO ] 2024-06-14 13:35:15.176 [main] LoggerUtils - Browser setup completed and navigated to URL
[INFO ] 2024-06-14 13:35:15.189 [main] LoggerUtils - test started for testGroceryRemoveItems
[INFO ] 2024-06-14 13:35:22.219 [main] LoggerUtils - Browser closed
[INFO ] 2024-06-14 13:35:37.076 [main] LoggerUtils - Browser setup completed and navigated to URL
[INFO ] 2024-06-14 13:35:37.101 [main] LoggerUtils - test started for testGroceryRemoveItems
[INFO ] 2024-06-14 13:35:44.514 [main] LoggerUtils - Browser closed
[INFO ] 2024-06-14 13:41:58.123 [main] LoggerUtils - Browser setup completed and navigated to URL
[INFO ] 2024-06-14 13:41:58.159 [main] LoggerUtils - test started for testGroceryRemoveItems
[INFO ] 2024-06-14 13:42:05.583 [main] LoggerUtils - Browser closed
[INFO ] 2024-06-14 13:44:35.437 [main] LoggerUtils - Browser setup completed and navigated to URL
[INFO ] 2024-06-14 13:44:35.459 [main] LoggerUtils - test started for testGroceryRemoveItems
[INFO ] 2024-06-14 13:44:41.880 [main] LoggerUtils - Browser closed
[INFO ] 2024-06-14 13:46:22.396 [main] LoggerUtils - Browser setup completed and navigated to URL
[INFO ] 2024-06-14 13:46:22.406 [main] LoggerUtils - test started for testGroceryRemoveItems
[INFO ] 2024-06-14 13:46:27.561 [main] LoggerUtils - test passed for testGroceryRemoveItems
[INFO ] 2024-06-14 13:46:29.145 [main] LoggerUtils - Browser closed
[INFO ] 2024-06-14 13:48:31.662 [main] LoggerUtils - Browser setup completed and navigated to URL
[INFO ] 2024-06-14 13:48:31.673 [main] LoggerUtils - test started for testGroceryAddItems
[INFO ] 2024-06-14 13:48:33.330 [main] LoggerUtils - test passed for testGroceryAddItems
[INFO ] 2024-06-14 13:48:35.146 [main] LoggerUtils - Browser closed
[INFO ] 2024-06-14 13:51:02.157 [main] LoggerUtils - Browser setup completed and navigated to URL
[INFO ] 2024-06-14 13:51:02.177 [main] LoggerUtils - test started for testGroceryAddItems
[INFO ] 2024-06-14 13:51:05.741 [main] LoggerUtils - test passed for testGroceryAddItems
[INFO ] 2024-06-14 13:51:09.216 [main] LoggerUtils - Browser closed
[INFO ] 2024-06-14 13:52:18.554 [main] LoggerUtils - Browser setup completed and navigated to URL
[INFO ] 2024-06-14 13:52:18.611 [main] LoggerUtils - test started for testSellerLoginFunctionality
[INFO ] 2024-06-14 13:52:46.504 [main] LoggerUtils - Browser closed
[INFO ] 2024-06-14 13:55:23.824 [main] LoggerUtils - Browser setup completed and navigated to URL
[INFO ] 2024-06-14 13:55:23.838 [main] LoggerUtils - test started for testSellerLoginFunctionality
[INFO ] 2024-06-14 13:55:40.799 [main] LoggerUtils - Browser closed
[INFO ] 2024-06-14 13:56:10.023 [main] LoggerUtils - Browser setup completed and navigated to URL
[INFO ] 2024-06-14 13:56:10.039 [main] LoggerUtils - test started for testSellerLoginFunctionality
[INFO ] 2024-06-14 13:56:26.603 [main] LoggerUtils - Browser closed
[INFO ] 2024-06-14 13:56:51.175 [main] LoggerUtils - Browser setup completed and navigated to URL
[INFO ] 2024-06-14 13:56:51.195 [main] LoggerUtils - test started for testSellerLoginFunctionality
[INFO ] 2024-06-14 13:57:06.662 [main] LoggerUtils - Browser closed
[INFO ] 2024-06-14 13:58:05.662 [main] LoggerUtils - Browser setup completed and navigated to URL
[INFO ] 2024-06-14 13:58:05.675 [main] LoggerUtils - test started for testSellerLoginFunctionality
[INFO ] 2024-06-14 13:58:10.222 [main] LoggerUtils - test passed for testSellerLoginFunctionality
[INFO ] 2024-06-14 13:58:11.630 [main] LoggerUtils - Browser closed
[INFO ] 2024-06-14 14:13:08.305 [main] LoggerUtils - Browser setup completed and navigated to URL
[INFO ] 2024-06-14 14:13:08.317 [main] LoggerUtils - test started for testGroceryValidPincode
[INFO ] 2024-06-14 14:13:10.499 [main] LoggerUtils - test passed for testGroceryValidPincode
[INFO ] 2024-06-14 14:13:12.011 [main] LoggerUtils - Browser closed
[INFO ] 2024-06-14 14:13:17.288 [main] LoggerUtils - Browser setup completed and navigated to URL
[INFO ] 2024-06-14 14:13:17.292 [main] LoggerUtils - test started for testGroceryInValidPincode
[INFO ] 2024-06-14 14:13:19.066 [main] LoggerUtils - test passed for testGroceryInValidPincode
[INFO ] 2024-06-14 14:13:20.483 [main] LoggerUtils - Browser closed
[INFO ] 2024-06-14 14:13:24.724 [main] LoggerUtils - Browser setup completed and navigated to URL
[INFO ] 2024-06-14 14:13:24.727 [main] LoggerUtils - test started for testGrocerySearchBarFunctionality
[INFO ] 2024-06-14 14:13:26.199 [main] LoggerUtils - test passed for testGrocerySearchBarFunctionality
[INFO ] 2024-06-14 14:13:27.830 [main] LoggerUtils - Browser closed
[INFO ] 2024-06-14 14:13:57.611 [main] LoggerUtils - Browser setup completed and navigated to URL
[INFO ] 2024-06-14 14:13:57.628 [main] LoggerUtils - test started for testGroceryAddItems
[INFO ] 2024-06-14 14:14:00.935 [main] LoggerUtils - test passed for testGroceryAddItems
[INFO ] 2024-06-14 14:14:04.161 [main] LoggerUtils - Browser closed
[INFO ] 2024-06-14 14:25:34.007 [main] LoggerUtils - Browser setup completed and navigated to URL
[INFO ] 2024-06-14 14:25:34.040 [main] LoggerUtils - test started for testSellerLoginFunctionality
[INFO ] 2024-06-14 14:29:31.732 [main] LoggerUtils - Browser setup completed and navigated to URL
[INFO ] 2024-06-14 14:29:31.740 [main] LoggerUtils - test started for testSellerLoginFunctionality
[INFO ] 2024-06-14 15:32:50.921 [main] LoggerUtils - Browser setup completed and navigated to URL
[INFO ] 2024-06-14 15:32:50.945 [main] LoggerUtils - test started for testSellerLoginFunctionality
[INFO ] 2024-06-14 15:33:03.286 [main] LoggerUtils - test passed for testSellerLoginFunctionality
[INFO ] 2024-06-14 15:33:05.069 [main] LoggerUtils - Browser closed
[INFO ] 2024-06-14 15:34:14.659 [main] LoggerUtils - Browser setup completed and navigated to URL
[INFO ] 2024-06-14 15:34:14.712 [main] LoggerUtils - test started for testGroceryAddItems
[INFO ] 2024-06-14 15:34:19.542 [main] LoggerUtils - test passed for testGroceryAddItems
[INFO ] 2024-06-14 15:34:24.811 [main] LoggerUtils - Browser closed
[INFO ] 2024-06-14 15:36:08.402 [main] LoggerUtils - Browser setup completed and navigated to URL
[INFO ] 2024-06-14 15:36:08.426 [main] LoggerUtils - test started for testGroceryAddItems
[INFO ] 2024-06-14 15:36:12.125 [main] LoggerUtils - test passed for testGroceryAddItems
[INFO ] 2024-06-14 15:36:16.385 [main] LoggerUtils - Browser closed
[INFO ] 2024-06-14 15:37:04.306 [main] LoggerUtils - Browser setup completed and navigated to URL
[INFO ] 2024-06-14 15:37:04.332 [main] LoggerUtils - test started for testGroceryAddItems
[INFO ] 2024-06-14 15:37:09.223 [main] LoggerUtils - test passed for testGroceryAddItems
[INFO ] 2024-06-14 15:37:12.837 [main] LoggerUtils - Browser closed
